<?xml version="1.0" encoding="UTF-8"?>
<!-- Generated by org.testng.reporters.JUnitReportReporter -->
<testsuite skipped="0" hostname="WINCTRL-S7E21V6" name="com.employeeapi.testCases.TC003_Post_Employee_Record" tests="5" failures="0" timestamp="02 Apr 2020 10:41:49 GMT" time="0.004" errors="0">
  <testcase name="checkResposeBody" time="0.002" classname="com.employeeapi.testCases.TC003_Post_Employee_Record"/>
  <testcase name="checkserverType" time="0.001" classname="com.employeeapi.testCases.TC003_Post_Employee_Record"/>
  <testcase name="checkstatusLine" time="0.000" classname="com.employeeapi.testCases.TC003_Post_Employee_Record"/>
  <testcase name="checkContentType" time="0.001" classname="com.employeeapi.testCases.TC003_Post_Employee_Record"/>
  <testcase name="checkStatusCode" time="0.000" classname="com.employeeapi.testCases.TC003_Post_Employee_Record"/>
</testsuite> <!-- com.employeeapi.testCases.TC003_Post_Employee_Record -->
