<?xml version="1.0" encoding="UTF-8"?>
<!-- Generated by org.testng.reporters.JUnitReportReporter -->
<testsuite skipped="0" hostname="WINCTRL-S7E21V6" name="com.employeeapi.testCases.TC002_GET_Authentication" tests="1" failures="0" timestamp="01 Apr 2020 11:01:31 GMT" time="3.798" errors="0">
  <testcase name="RegistrationSuccessful" time="3.798" classname="com.employeeapi.testCases.TC002_GET_Authentication"/>
</testsuite> <!-- com.employeeapi.testCases.TC002_GET_Authentication -->
