<?xml version="1.0" encoding="UTF-8"?>
<!-- Generated by org.testng.reporters.JUnitReportReporter -->
<testsuite skipped="0" hostname="WINCTRL-S7E21V6" name="com.employeeapi.testCases.TC002_POST_DataDriven" tests="3" failures="0" timestamp="01 Apr 2020 11:36:13 GMT" time="6.129" errors="0">
  <testcase name="createUsersSuccessful" time="1.150" classname="com.employeeapi.testCases.TC002_POST_DataDriven"/>
  <testcase name="createUsersSuccessful" time="3.779" classname="com.employeeapi.testCases.TC002_POST_DataDriven"/>
  <testcase name="createUsersSuccessful" time="1.200" classname="com.employeeapi.testCases.TC002_POST_DataDriven"/>
</testsuite> <!-- com.employeeapi.testCases.TC002_POST_DataDriven -->
